Electric Version 9.08
--------------- 0 --------------
  Mon May 11 11:19:51 EDT 2026
Menu Activated: /C:/Users/enslenc1/Documents/GitHub/VLSI/ElectricVLSI/Libraries/4BitAdder.jelib
--------------- 1 --------------
  Mon May 11 11:19:59 EDT 2026
Menu Activated: /C:/Users/enslenc1/Documents/GitHub/VLSI/ElectricVLSI/Libraries/Lab3.jelib
--------------- 2 --------------
  Mon May 11 11:20:06 EDT 2026
ProcessKeyBinding 401 when=1778512806431 modifiers=80 code=11 char=ffff false false
--------------- 3 --------------
  Mon May 11 11:20:09 EDT 2026
ProcessKeyBinding 402 when=1778512809058 modifiers=0 code=11 char=ffff false false
--------------- 4 --------------
  Mon May 11 11:20:13 EDT 2026
ProcessKeyBinding 401 when=1778512813735 modifiers=80 code=11 char=ffff false false
--------------- 5 --------------
  Mon May 11 11:20:17 EDT 2026
ProcessKeyBinding 402 when=1778512817570 modifiers=0 code=11 char=ffff false false
--------------- 6 --------------
  Mon May 11 11:20:17 EDT 2026
ProcessKeyBinding 401 when=1778512817848 modifiers=80 code=11 char=ffff false false
--------------- 7 --------------
  Mon May 11 11:20:22 EDT 2026
ProcessKeyBinding 402 when=1778512822390 modifiers=0 code=11 char=ffff false false
--------------- 8 --------------
  Mon May 11 11:20:25 EDT 2026
Menu Activated: Edit | Erase | Selected
Currently highlighted: 
    com.sun.electric.tool.user.HighlightEOBJ in cell 'FullAdtScehmatic{sch}': 'Wire_Pin[pin@80].wire'
--------------- 9 --------------
  Mon May 11 11:20:25 EDT 2026
ProcessKeyBinding 400 when=1778512825467 modifiers=0 code=0 char=7f false false
--------------- 10 --------------
  Mon May 11 11:20:27 EDT 2026
ProcessKeyBinding 401 when=1778512827778 modifiers=80 code=11 char=ffff false false
--------------- 11 --------------
  Mon May 11 11:20:29 EDT 2026
ProcessKeyBinding 402 when=1778512829015 modifiers=0 code=11 char=ffff false false
--------------- 12 --------------
  Mon May 11 11:25:10 EDT 2026
ProcessKeyBinding 401 when=1778513110470 modifiers=80 code=11 char=ffff false false
--------------- 13 --------------
  Mon May 11 11:25:11 EDT 2026
ProcessKeyBinding 402 when=1778513111391 modifiers=0 code=11 char=ffff false false
--------------- 14 --------------
  Mon May 11 11:30:42 EDT 2026
Menu Activated: File | Open Library...
--------------- 15 --------------
  Mon May 11 11:30:54 EDT 2026
ProcessKeyBinding 401 when=1778513454710 modifiers=80 code=11 char=ffff false false
--------------- 16 --------------
  Mon May 11 11:30:55 EDT 2026
ProcessKeyBinding 402 when=1778513455622 modifiers=0 code=11 char=ffff false false
--------------- 17 --------------
  Mon May 11 11:30:56 EDT 2026
ProcessKeyBinding 401 when=1778513456008 modifiers=80 code=11 char=ffff false false
--------------- 18 --------------
  Mon May 11 11:30:56 EDT 2026
ProcessKeyBinding 402 when=1778513456504 modifiers=0 code=11 char=ffff false false
--------------- 19 --------------
  Mon May 11 11:30:57 EDT 2026
ProcessKeyBinding 401 when=1778513457998 modifiers=80 code=11 char=ffff false false
--------------- 20 --------------
  Mon May 11 11:30:58 EDT 2026
ProcessKeyBinding 402 when=1778513458482 modifiers=0 code=11 char=ffff false false
--------------- 21 --------------
  Mon May 11 11:31:16 EDT 2026
Menu Activated: Tools | Simulation (Spice) | Write Spice Deck...
--------------- 22 --------------
  Mon May 11 11:41:56 EDT 2026
ProcessKeyBinding 401 when=1778514116295 modifiers=80 code=11 char=ffff false false
--------------- 23 --------------
  Mon May 11 11:41:56 EDT 2026
Menu Activated: Edit | Copy
Currently highlighted: 
    SPICE code
--------------- 24 --------------
  Mon May 11 11:41:56 EDT 2026
ProcessKeyBinding 400 when=1778514116500 modifiers=80 code=0 char=3 false false
--------------- 25 --------------
  Mon May 11 11:41:56 EDT 2026
ProcessKeyBinding 402 when=1778514116808 modifiers=0 code=11 char=ffff false false
--------------- 26 --------------
  Mon May 11 11:42:01 EDT 2026
ProcessKeyBinding 401 when=1778514121107 modifiers=80 code=11 char=ffff false false
--------------- 27 --------------
  Mon May 11 11:42:01 EDT 2026
Menu Activated: Edit | Properties | Object Properties...
Currently highlighted: 
    SPICE code
--------------- 28 --------------
  Mon May 11 11:42:01 EDT 2026
ProcessKeyBinding 400 when=1778514121221 modifiers=80 code=0 char=9 false false
--------------- 29 --------------
  Mon May 11 11:42:01 EDT 2026
ProcessKeyBinding 402 when=1778514121487 modifiers=0 code=11 char=ffff false false
--------------- 30 --------------
  Mon May 11 11:42:06 EDT 2026
ProcessKeyBinding 401 when=1778514126738 modifiers=80 code=11 char=ffff false false
--------------- 31 --------------
  Mon May 11 11:42:07 EDT 2026
ProcessKeyBinding 402 when=1778514127193 modifiers=0 code=11 char=ffff false false
--------------- 32 --------------
  Mon May 11 11:42:25 EDT 2026
ProcessKeyBinding 400 when=1778514145624 modifiers=0 code=0 char=1b false false
--------------- 33 --------------
  Mon May 11 11:42:25 EDT 2026
ProcessKeyBinding 402 when=1778514145692 modifiers=0 code=1b char=1b false false
--------------- 34 --------------
  Mon May 11 11:42:26 EDT 2026
ProcessKeyBinding 400 when=1778514146041 modifiers=0 code=0 char=1b false false
--------------- 35 --------------
  Mon May 11 11:42:26 EDT 2026
ProcessKeyBinding 402 when=1778514146122 modifiers=0 code=1b char=1b false false
--------------- 36 --------------
  Mon May 11 11:42:29 EDT 2026
Menu Activated: Edit | Erase | Selected
--------------- 37 --------------
  Mon May 11 11:42:29 EDT 2026
ProcessKeyBinding 400 when=1778514149015 modifiers=0 code=0 char=7f false false
--------------- 38 --------------
  Mon May 11 11:42:29 EDT 2026
ProcessKeyBinding 401 when=1778514149960 modifiers=80 code=11 char=ffff false false
--------------- 39 --------------
  Mon May 11 11:42:30 EDT 2026
Menu Activated: Edit | Undo
--------------- 40 --------------
  Mon May 11 11:42:30 EDT 2026
ProcessKeyBinding 400 when=1778514150153 modifiers=80 code=0 char=1a false false
--------------- 41 --------------
  Mon May 11 11:42:30 EDT 2026
ProcessKeyBinding 402 when=1778514150426 modifiers=0 code=11 char=ffff false false
--------------- 42 --------------
  Mon May 11 11:42:34 EDT 2026
ProcessKeyBinding 401 when=1778514154756 modifiers=80 code=11 char=ffff false false
--------------- 43 --------------
  Mon May 11 11:42:34 EDT 2026
Menu Activated: Edit | Properties | Object Properties...
Currently highlighted: 
    SPICE code
--------------- 44 --------------
  Mon May 11 11:42:34 EDT 2026
ProcessKeyBinding 400 when=1778514154898 modifiers=80 code=0 char=9 false false
--------------- 45 --------------
  Mon May 11 11:42:42 EDT 2026
ProcessKeyBinding 401 when=1778514162739 modifiers=80 code=11 char=ffff false false
--------------- 46 --------------
  Mon May 11 11:42:43 EDT 2026
ProcessKeyBinding 402 when=1778514163346 modifiers=0 code=11 char=ffff false false
--------------- 47 --------------
  Mon May 11 11:42:43 EDT 2026
ProcessKeyBinding 401 when=1778514163732 modifiers=80 code=11 char=ffff false false
--------------- 48 --------------
  Mon May 11 11:42:44 EDT 2026
ProcessKeyBinding 402 when=1778514164248 modifiers=0 code=11 char=ffff false false
--------------- 49 --------------
  Mon May 11 11:42:45 EDT 2026
ProcessKeyBinding 401 when=1778514165565 modifiers=80 code=11 char=ffff false false
--------------- 50 --------------
  Mon May 11 11:42:45 EDT 2026
Menu Activated: Edit | Undo
Currently highlighted: 
    SPICE code
--------------- 51 --------------
  Mon May 11 11:42:45 EDT 2026
ProcessKeyBinding 400 when=1778514165776 modifiers=80 code=0 char=1a false false
--------------- 52 --------------
  Mon May 11 11:42:46 EDT 2026
ProcessKeyBinding 402 when=1778514166077 modifiers=0 code=11 char=ffff false false
--------------- 53 --------------
  Mon May 11 11:42:46 EDT 2026
ProcessKeyBinding 401 when=1778514166417 modifiers=80 code=11 char=ffff false false
--------------- 54 --------------
  Mon May 11 11:42:47 EDT 2026
ProcessKeyBinding 402 when=1778514167224 modifiers=0 code=11 char=ffff false false
--------------- 55 --------------
  Mon May 11 11:42:47 EDT 2026
ProcessKeyBinding 401 when=1778514167696 modifiers=80 code=11 char=ffff false false
--------------- 56 --------------
  Mon May 11 11:42:47 EDT 2026
Menu Activated: Edit | Undo
Currently highlighted: 
    SPICE code
--------------- 57 --------------
  Mon May 11 11:42:47 EDT 2026
ProcessKeyBinding 400 when=1778514167936 modifiers=80 code=0 char=1a false false
--------------- 58 --------------
  Mon May 11 11:42:48 EDT 2026
ProcessKeyBinding 402 when=1778514168297 modifiers=0 code=11 char=ffff false false
--------------- 59 --------------
  Mon May 11 11:42:50 EDT 2026
ProcessKeyBinding 401 when=1778514170145 modifiers=80 code=11 char=ffff false false
--------------- 60 --------------
  Mon May 11 11:42:51 EDT 2026
ProcessKeyBinding 402 when=1778514171238 modifiers=0 code=11 char=ffff false false
--------------- 61 --------------
  Mon May 11 11:42:57 EDT 2026
Menu Activated: Tools | Simulation (Spice) | Write Spice Deck...
Currently highlighted: 
    SPICE code
--------------- 62 --------------
  Mon May 11 11:52:14 EDT 2026
Menu Activated: File | Open Library...
Currently highlighted: 
    SPICE code
--------------- 63 --------------
  Mon May 11 11:55:06 EDT 2026
Menu Activated: File | Open Library...
Currently highlighted: 
    SPICE code
--------------- 64 --------------
  Mon May 11 11:55:28 EDT 2026
ProcessKeyBinding 401 when=1778514928638 modifiers=80 code=11 char=ffff false false
--------------- 65 --------------
  Mon May 11 11:55:30 EDT 2026
ProcessKeyBinding 402 when=1778514930183 modifiers=0 code=11 char=ffff false false
--------------- 66 --------------
  Mon May 11 11:57:25 EDT 2026
ProcessKeyBinding 401 when=1778515045880 modifiers=80 code=11 char=ffff false false
--------------- 67 --------------
  Mon May 11 11:57:26 EDT 2026
ProcessKeyBinding 402 when=1778515046703 modifiers=0 code=11 char=ffff false false
--------------- 68 --------------
  Mon May 11 12:00:00 EDT 2026
Menu Activated: Tools | Simulation (Spice) | Write Spice Deck...
--------------- 69 --------------
  Mon May 11 12:11:55 EDT 2026
ProcessKeyBinding 401 when=1778515915597 modifiers=80 code=11 char=ffff false false
--------------- 70 --------------
  Mon May 11 12:11:56 EDT 2026
ProcessKeyBinding 402 when=1778515916025 modifiers=0 code=11 char=ffff false false
--------------- 71 --------------
  Mon May 11 12:11:56 EDT 2026
ProcessKeyBinding 401 when=1778515916734 modifiers=80 code=11 char=ffff false false
--------------- 72 --------------
  Mon May 11 12:11:57 EDT 2026
ProcessKeyBinding 402 when=1778515917232 modifiers=0 code=11 char=ffff false false
--------------- 73 --------------
  Mon May 11 12:17:54 EDT 2026
Menu Activated: Shortcuts | Switch Wiring Target
--------------- 74 --------------
  Mon May 11 12:17:54 EDT 2026
ProcessKeyBinding 400 when=1778516274231 modifiers=0 code=0 char=20 false false
--------------- 75 --------------
  Mon May 11 12:31:20 EDT 2026
Menu Activated: File | New Library...
--------------- 76 --------------
  Mon May 11 12:31:31 EDT 2026
Menu Activated: Edit | Erase | Selected
--------------- 77 --------------
  Mon May 11 12:31:31 EDT 2026
ProcessKeyBinding 400 when=1778517091525 modifiers=0 code=0 char=7f false false
--------------- 78 --------------
  Mon May 11 12:31:32 EDT 2026
ProcessKeyBinding 401 when=1778517092453 modifiers=80 code=11 char=ffff false false
--------------- 79 --------------
  Mon May 11 12:31:32 EDT 2026
Menu Activated: Edit | Undo
--------------- 80 --------------
  Mon May 11 12:31:32 EDT 2026
ProcessKeyBinding 400 when=1778517092637 modifiers=80 code=0 char=1a false false
--------------- 81 --------------
  Mon May 11 12:31:32 EDT 2026
ProcessKeyBinding 402 when=1778517092957 modifiers=0 code=11 char=ffff false false
--------------- 82 --------------
  Mon May 11 12:32:24 EDT 2026
ProcessKeyBinding 401 when=1778517144191 modifiers=80 code=11 char=ffff false false
--------------- 83 --------------
  Mon May 11 12:32:24 EDT 2026
Menu Activated: Edit | Undo
--------------- 84 --------------
  Mon May 11 12:32:24 EDT 2026
ProcessKeyBinding 400 when=1778517144448 modifiers=80 code=0 char=1a false false
--------------- 85 --------------
  Mon May 11 12:32:24 EDT 2026
ProcessKeyBinding 402 when=1778517144869 modifiers=0 code=11 char=ffff false false
--------------- 86 --------------
  Mon May 11 12:32:35 EDT 2026
ProcessKeyBinding 401 when=1778517155676 modifiers=80 code=11 char=ffff false false
--------------- 87 --------------
  Mon May 11 12:32:36 EDT 2026
Menu Activated: Edit | Copy
Currently highlighted: 
    Export 'cout'
    SPICE model on node N-Transistor['nmos@17']
    SPICE model on node N-Transistor['nmos@16']
    SPICE model on node N-Transistor['nmos@15']
    Export 'nota'
    SPICE model on node P-Transistor['pmos@15']
    SPICE model on node P-Transistor['pmos@16']
    SPICE model on node P-Transistor['pmos@14']
    SPICE model on node P-Transistor['pmos@17']
    SPICE model on node N-Transistor['nmos@2']
    Export 'notb'
    SPICE model on node P-Transistor['pmos@12']
    Export 'notc'
    SPICE model on node N-Transistor['nmos@3']
    SPICE model on node N-Transistor['nmos@4']
    SPICE model on node N-Transistor['nmos@5']
    Export 'Sum'
    SPICE model on node N-Transistor['nmos@9']
    Export 'gnd_1'
    SPICE model on node N-Transistor['nmos@14']
    SPICE model on node N-Transistor['nmos@13']
    SPICE model on node P-Transistor['pmos@13']
    Export 'A'
    Export 'B'
    Export 'C'
    SPICE model on node P-Transistor['pmos@0']
    SPICE model on node P-Transistor['pmos@4']
    SPICE model on node P-Transistor['pmos@3']
    SPICE model on node P-Transistor['pmos@2']
    SPICE model on node P-Transistor['pmos@1']
    Export 'vdd'
    SPICE model on node N-Transistor['nmos@12']
    SPICE model on node P-Transistor['pmos@5']
    SPICE model on node P-Transistor['pmos@6']
    SPICE model on node N-Transistor['nmos@6']
    Export 'gnd'
    SPICE model on node P-Transistor['pmos@11']
    SPICE model on node N-Transistor['nmos@8']
    SPICE model on node N-Transistor['nmos@7']
    SPICE model on node P-Transistor['pmos@7']
    Export 'vdd_1'
    SPICE model on node P-Transistor['pmos@10']
    SPICE model on node N-Transistor['nmos@10']
    SPICE model on node N-Transistor['nmos@0']
    SPICE model on node N-Transistor['nmos@1']
    Export 'vdd_2'
    Export 'vcc'
    SPICE model on node N-Transistor['nmos@11']
    SPICE model on node P-Transistor['pmos@9']
    SPICE model on node P-Transistor['pmos@8']
    com.sun.electric.tool.user.HighlightEOBJ in cell '4BitAdder:FullAddr{lay}': Metal-1-Pin['pin@20']
    com.sun.electric.tool.user.HighlightEOBJ in cell '4BitAdder:FullAddr{lay}': Metal-1-Pin['pin@2']
    com.sun.electric.tool.user.HighlightEOBJ in cell '4BitAdder:FullAddr{lay}': Polysilicon-1-Pin['pin@12']
    com.sun.electric.tool.user.HighlightEOBJ in cell '4BitAdder:FullAddr{lay}': Polysilicon-1-Pin['pin@13']
    com.sun.electric.tool.user.HighlightEOBJ in cell '4BitAdder:FullAddr{lay}': Metal-1-Pin['pin@98']
    com.sun.electric.tool.user.HighlightEOBJ in cell '4BitAdder:FullAddr{lay}': Metal-1-Pin['pin@97']
    com.sun.electric.tool.user.HighlightEOBJ in cell '4BitAdder:FullAddr{lay}': Metal-1-Pin['pin@5']
    com.sun.electric.tool.user.HighlightEOBJ in cell '4BitAdder:FullAddr{lay}': Metal-1-P-Active-Con['contact@0']
    com.sun.electric.tool.user.HighlightEOBJ in cell '4BitAdder:FullAddr{lay}': Metal-1-N-Well-Con['well@12']
    com.sun.electric.tool.user.HighlightEOBJ in cell '4BitAdder:FullAddr{lay}': Metal-1-Pin['pin@14']
    com.sun.electric.tool.user.HighlightEOBJ in cell '4BitAdder:FullAddr{lay}': Metal-1-Pin['pin@172']
    com.sun.electric.tool.user.HighlightEOBJ in cell '4BitAdder:FullAddr{lay}': Metal-1-Pin['pin@170']
    com.sun.electric.tool.user.HighlightEOBJ in cell '4BitAdder:FullAddr{lay}': Metal-1-Metal-2-Con['contact@93']
    com.sun.electric.tool.user.HighlightEOBJ in cell '4BitAdder:FullAddr{lay}': Metal-1-Pin['pin@83']
    com.sun.electric.tool.user.HighlightEOBJ in cell '4BitAdder:FullAddr{lay}': Metal-1-Pin['pin@84']
    com.sun.electric.tool.user.HighlightEOBJ in cell '4BitAdder:FullAddr{lay}': Metal-1-Pin['pin@80']
    com.sun.electric.tool.user.HighlightEOBJ in cell '4BitAdder:FullAddr{lay}': Metal-1-Pin['pin@76']
    com.sun.electric.tool.user.HighlightEOBJ in cell '4BitAdder:FullAddr{lay}': Metal-1-Pin['pin@60']
    com.sun.electric.tool.user.HighlightEOBJ in cell '4BitAdder:FullAddr{lay}': Metal-1-Pin['pin@1']
    com.sun.electric.tool.user.HighlightEOBJ in cell '4BitAdder:FullAddr{lay}': Metal-1-Pin['pin@11']
    com.sun.electric.tool.user.HighlightEOBJ in cell '4BitAdder:FullAddr{lay}': Metal-1-P-Active-Con['contact@7']
    com.sun.electric.tool.user.HighlightEOBJ in cell '4BitAdder:FullAddr{lay}': Metal-1-Metal-2-Con['contact@97']
    com.sun.electric.tool.user.HighlightEOBJ in cell '4BitAdder:FullAddr{lay}': Metal-1-Pin['pin@99']
    com.sun.electric.tool.user.HighlightEOBJ in cell '4BitAdder:FullAddr{lay}': Metal-1-Pin['pin@173']
    com.sun.electric.tool.user.HighlightEOBJ in cell '4BitAdder:FullAddr{lay}': Metal-1-N-Well-Con['well@13']
    com.sun.electric.tool.user.HighlightEOBJ in cell '4BitAdder:FullAddr{lay}': P-Transistor['pmos@9']
    com.sun.electric.tool.user.HighlightEOBJ in cell '4BitAdder:FullAddr{lay}': P-Transistor['pmos@8']
    com.sun.electric.tool.user.HighlightEOBJ in cell '4BitAdder:FullAddr{lay}': Metal-1-P-Active-Con['contact@6']
    com.sun.electric.tool.user.HighlightEOBJ in cell '4BitAdder:FullAddr{lay}': P-Transistor['pmos@0']
    com.sun.electric.tool.user.HighlightEOBJ in cell '4BitAdder:FullAddr{lay}': P-Transistor['pmos@1']
    com.sun.electric.tool.user.HighlightEOBJ in cell '4BitAdder:FullAddr{lay}': Metal-1-P-Active-Con['contact@1']
    com.sun.electric.tool.user.HighlightEOBJ in cell '4BitAdder:FullAddr{lay}': Metal-1-N-Well-Con['well@7']
    com.sun.electric.tool.user.HighlightEOBJ in cell '4BitAdder:FullAddr{lay}': Metal-1-P-Active-Con['contact@4']
    com.sun.electric.tool.user.HighlightEOBJ in cell '4BitAdder:FullAddr{lay}': P-Transistor['pmos@4']
    com.sun.electric.tool.user.HighlightEOBJ in cell '4BitAdder:FullAddr{lay}': Metal-1-P-Active-Con['contact@5']
    com.sun.electric.tool.user.HighlightEOBJ in cell '4BitAdder:FullAddr{lay}': Metal-1-Pin['pin@6']
    com.sun.electric.tool.user.HighlightEOBJ in cell '4BitAdder:FullAddr{lay}': Polysilicon-1-Pin['pin@15']
    com.sun.electric.tool.user.HighlightEOBJ in cell '4BitAdder:FullAddr{lay}': P-Transistor['pmos@3']
    com.sun.electric.tool.user.HighlightEOBJ in cell '4BitAdder:FullAddr{lay}': P-Transistor['pmos@2']
    com.sun.electric.tool.user.HighlightEOBJ in cell '4BitAdder:FullAddr{lay}': Metal-1-N-Well-Con['well@2']
    com.sun.electric.tool.user.HighlightEOBJ in cell '4BitAdder:FullAddr{lay}': P-Transistor['pmos@5']
    com.sun.electric.tool.user.HighlightEOBJ in cell '4BitAdder:FullAddr{lay}': Metal-1-Pin['pin@10']
    com.sun.electric.tool.user.HighlightEOBJ in cell '4BitAdder:FullAddr{lay}': P-Transistor['pmos@6']
    com.sun.electric.tool.user.HighlightEOBJ in cell '4BitAdder:FullAddr{lay}': P-Transistor['pmos@7']
    com.sun.electric.tool.user.HighlightEOBJ in cell '4BitAdder:FullAddr{lay}': Polysilicon-1-Pin['pin@16']
    com.sun.electric.tool.user.HighlightEOBJ in cell '4BitAdder:FullAddr{lay}': Metal-1-P-Active-Con['contact@3']
    com.sun.electric.tool.user.HighlightEOBJ in cell '4BitAdder:FullAddr{lay}': Metal-1-Pin['pin@19']
    com.sun.electric.tool.user.HighlightEOBJ in cell '4BitAdder:FullAddr{lay}': Metal-1-Pin['pin@21']
    com.sun.electric.tool.user.HighlightEOBJ in cell '4BitAdder:FullAddr{lay}': Metal-1-Pin['pin@29']
    com.sun.electric.tool.user.HighlightEOBJ in cell '4BitAdder:FullAddr{lay}': Metal-1-Pin['pin@23']
    com.sun.electric.tool.user.HighlightEOBJ in cell '4BitAdder:FullAddr{lay}': Metal-1-Pin['pin@92']
    com.sun.electric.tool.user.HighlightEOBJ in cell '4BitAdder:FullAddr{lay}': Metal-1-Pin['pin@64']
    com.sun.electric.tool.user.HighlightEOBJ in cell '4BitAdder:FullAddr{lay}': Metal-1-Pin['pin@93']
    com.sun.electric.tool.user.HighlightEOBJ in cell '4BitAdder:FullAddr{lay}': Metal-1-Pin['pin@28']
    com.sun.electric.tool.user.HighlightEOBJ in cell '4BitAdder:FullAddr{lay}': Metal-1-Pin['pin@30']
    com.sun.electric.tool.user.HighlightEOBJ in cell '4BitAdder:FullAddr{lay}': Metal-1-Pin['pin@102']
    com.sun.electric.tool.user.HighlightEOBJ in cell '4BitAdder:FullAddr{lay}': Polysilicon-1-Pin['pin@18']
    com.sun.electric.tool.user.HighlightEOBJ in cell '4BitAdder:FullAddr{lay}': Polysilicon-1-Pin['pin@22']
    com.sun.electric.tool.user.HighlightEOBJ in cell '4BitAdder:FullAddr{lay}': Polysilicon-1-Pin['pin@24']
    com.sun.electric.tool.user.HighlightEOBJ in cell '4BitAdder:FullAddr{lay}': Polysilicon-1-Pin['pin@52']
    com.sun.electric.tool.user.HighlightEOBJ in cell '4BitAdder:FullAddr{lay}': Metal-1-P-Well-Con['substr@7']
    com.sun.electric.tool.user.HighlightEOBJ in cell '4BitAdder:FullAddr{lay}': Metal-1-P-Active-Con['contact@23']
    com.sun.electric.tool.user.HighlightEOBJ in cell '4BitAdder:FullAddr{lay}': P-Transistor['pmos@11']
    com.sun.electric.tool.user.HighlightEOBJ in cell '4BitAdder:FullAddr{lay}': Metal-1-N-Well-Con['well@4']
    com.sun.electric.tool.user.HighlightEOBJ in cell '4BitAdder:FullAddr{lay}': Metal-1-Pin['pin@62']
    com.sun.electric.tool.user.HighlightEOBJ in cell '4BitAdder:FullAddr{lay}': Metal-1-N-Well-Con['well@10']
    com.sun.electric.tool.user.HighlightEOBJ in cell '4BitAdder:FullAddr{lay}': Metal-1-Metal-2-Con['contact@57']
    com.sun.electric.tool.user.HighlightEOBJ in cell '4BitAdder:FullAddr{lay}': Metal-1-Pin['pin@94']
    com.sun.electric.tool.user.HighlightEOBJ in cell '4BitAdder:FullAddr{lay}': Metal-1-P-Active-Con['contact@22']
    com.sun.electric.tool.user.HighlightEOBJ in cell '4BitAdder:FullAddr{lay}': Metal-1-Pin['pin@61']
    com.sun.electric.tool.user.HighlightEOBJ in cell '4BitAdder:FullAddr{lay}': N-Transistor['nmos@11']
    com.sun.electric.tool.user.HighlightEOBJ in cell '4BitAdder:FullAddr{lay}': Metal-1-N-Active-Con['contact@26']
    com.sun.electric.tool.user.HighlightEOBJ in cell '4BitAdder:FullAddr{lay}': Metal-1-Polysilicon-1-Con['contact@24']
    com.sun.electric.tool.user.HighlightEOBJ in cell '4BitAdder:FullAddr{lay}': Metal-1-Metal-2-Con['contact@58']
    com.sun.electric.tool.user.HighlightEOBJ in cell '4BitAdder:FullAddr{lay}': Metal-1-Pin['pin@154']
    com.sun.electric.tool.user.HighlightEOBJ in cell '4BitAdder:FullAddr{lay}': Metal-1-Metal-2-Con['contact@95']
    com.sun.electric.tool.user.HighlightEOBJ in cell '4BitAdder:FullAddr{lay}': Metal-1-Metal-2-Con['contact@94']
    com.sun.electric.tool.user.HighlightEOBJ in cell '4BitAdder:FullAddr{lay}': Metal-1-Pin['pin@146']
    com.sun.electric.tool.user.HighlightEOBJ in cell '4BitAdder:FullAddr{lay}': Metal-1-Pin['pin@127']
    com.sun.electric.tool.user.HighlightEOBJ in cell '4BitAdder:FullAddr{lay}': Metal-1-Pin['pin@162']
    com.sun.electric.tool.user.HighlightEOBJ in cell '4BitAdder:FullAddr{lay}': Metal-1-Pin['pin@85']
    com.sun.electric.tool.user.HighlightEOBJ in cell '4BitAdder:FullAddr{lay}': Metal-1-N-Well-Con['well@18']
    com.sun.electric.tool.user.HighlightEOBJ in cell '4BitAdder:FullAddr{lay}': Metal-1-P-Well-Con['substr@8']
    com.sun.electric.tool.user.HighlightEOBJ in cell '4BitAdder:FullAddr{lay}': N-Transistor['nmos@8']
    com.sun.electric.tool.user.HighlightEOBJ in cell '4BitAdder:FullAddr{lay}': Metal-1-N-Active-Con['contact@16']
    com.sun.electric.tool.user.HighlightEOBJ in cell '4BitAdder:FullAddr{lay}': Metal-1-Polysilicon-1-Con['contact@77']
    com.sun.electric.tool.user.HighlightEOBJ in cell '4BitAdder:FullAddr{lay}': Metal-1-Pin['pin@149']
    com.sun.electric.tool.user.HighlightEOBJ in cell '4BitAdder:FullAddr{lay}': Metal-2-Pin['pin@86']
    com.sun.electric.tool.user.HighlightEOBJ in cell '4BitAdder:FullAddr{lay}': Metal-1-Pin['pin@87']
    com.sun.electric.tool.user.HighlightEOBJ in cell '4BitAdder:FullAddr{lay}': Metal-1-Pin['pin@156']
    com.sun.electric.tool.user.HighlightEOBJ in cell '4BitAdder:FullAddr{lay}': Metal-1-Metal-2-Con['contact@69']
    com.sun.electric.tool.user.HighlightEOBJ in cell '4BitAdder:FullAddr{lay}': Metal-1-Polysilicon-1-Con['contact@78']
    com.sun.electric.tool.user.HighlightEOBJ in cell '4BitAdder:FullAddr{lay}': Metal-1-Pin['pin@150']
    com.sun.electric.tool.user.HighlightEOBJ in cell '4BitAdder:FullAddr{lay}': Metal-1-Polysilicon-1-Con['contact@76']
    com.sun.electric.tool.user.HighlightEOBJ in cell '4BitAdder:FullAddr{lay}': Metal-1-P-Well-Con['substr@5']
    com.sun.electric.tool.user.HighlightEOBJ in cell '4BitAdder:FullAddr{lay}': Polysilicon-1-Pin['pin@47']
    com.sun.electric.tool.user.HighlightEOBJ in cell '4BitAdder:FullAddr{lay}': Metal-1-Pin['pin@155']
    com.sun.electric.tool.user.HighlightEOBJ in cell '4BitAdder:FullAddr{lay}': Metal-1-P-Well-Con['substr@0']
    com.sun.electric.tool.user.HighlightEOBJ in cell '4BitAdder:FullAddr{lay}': Metal-1-Pin['pin@9']
    com.sun.electric.tool.user.HighlightEOBJ in cell '4BitAdder:FullAddr{lay}': Metal-1-Pin['pin@35']
    com.sun.electric.tool.user.HighlightEOBJ in cell '4BitAdder:FullAddr{lay}': Polysilicon-1-Pin['pin@27']
    com.sun.electric.tool.user.HighlightEOBJ in cell '4BitAdder:FullAddr{lay}': N-Active-Pin['pin@26']
    com.sun.electric.tool.user.HighlightEOBJ in cell '4BitAdder:FullAddr{lay}': Metal-1-Pin['pin@157']
    com.sun.electric.tool.user.HighlightEOBJ in cell '4BitAdder:FullAddr{lay}': Metal-1-Pin['pin@158']
    com.sun.electric.tool.user.HighlightEOBJ in cell '4BitAdder:FullAddr{lay}': Metal-1-Pin['pin@89']
    com.sun.electric.tool.user.HighlightEOBJ in cell '4BitAdder:FullAddr{lay}': Metal-1-Metal-2-Con['contact@98']
    com.sun.electric.tool.user.HighlightEOBJ in cell '4BitAdder:FullAddr{lay}': Metal-1-Polysilicon-1-Con['contact@48']
    com.sun.electric.tool.user.HighlightEOBJ in cell '4BitAdder:FullAddr{lay}': Metal-1-Polysilicon-1-Con['contact@47']
    com.sun.electric.tool.user.HighlightEOBJ in cell '4BitAdder:FullAddr{lay}': Metal-1-Pin['pin@166']
    com.sun.electric.tool.user.HighlightEOBJ in cell '4BitAdder:FullAddr{lay}': Metal-1-Pin['pin@82']
    com.sun.electric.tool.user.HighlightEOBJ in cell '4BitAdder:FullAddr{lay}': Metal-1-Metal-2-Con['contact@91']
    com.sun.electric.tool.user.HighlightEOBJ in cell '4BitAdder:FullAddr{lay}': Metal-1-Pin['pin@169']
    com.sun.electric.tool.user.HighlightEOBJ in cell '4BitAdder:FullAddr{lay}': Metal-1-Polysilicon-1-Con['contact@49']
    com.sun.electric.tool.user.HighlightEOBJ in cell '4BitAdder:FullAddr{lay}': Metal-1-Polysilicon-1-Con['contact@51']
    com.sun.electric.tool.user.HighlightEOBJ in cell '4BitAdder:FullAddr{lay}': Metal-1-Pin['pin@73']
    com.sun.electric.tool.user.HighlightEOBJ in cell '4BitAdder:FullAddr{lay}': Metal-1-Pin['pin@71']
    com.sun.electric.tool.user.HighlightEOBJ in cell '4BitAdder:FullAddr{lay}': Metal-1-Polysilicon-1-Con['contact@50']
    com.sun.electric.tool.user.HighlightEOBJ in cell '4BitAdder:FullAddr{lay}': Metal-1-Polysilicon-1-Con['contact@74']
    com.sun.electric.tool.user.HighlightEOBJ in cell '4BitAdder:FullAddr{lay}': Metal-1-Pin['pin@111']
    com.sun.electric.tool.user.HighlightEOBJ in cell '4BitAdder:FullAddr{lay}': Metal-1-Pin['pin@116']
    com.sun.electric.tool.user.HighlightEOBJ in cell '4BitAdder:FullAddr{lay}': Metal-1-Pin['pin@113']
    com.sun.electric.tool.user.HighlightEOBJ in cell '4BitAdder:FullAddr{lay}': Metal-1-Pin['pin@107']
    com.sun.electric.tool.user.HighlightEOBJ in cell '4BitAdder:FullAddr{lay}': Metal-1-P-Active-Con['contact@63']
    com.sun.electric.tool.user.HighlightEOBJ in cell '4BitAdder:FullAddr{lay}': Metal-1-Pin['pin@117']
    com.sun.electric.tool.user.HighlightEOBJ in cell '4BitAdder:FullAddr{lay}': Metal-1-P-Well-Con['substr@10']
    com.sun.electric.tool.user.HighlightEOBJ in cell '4BitAdder:FullAddr{lay}': Metal-1-Pin['pin@135']
    com.sun.electric.tool.user.HighlightEOBJ in cell '4BitAdder:FullAddr{lay}': Metal-1-Pin['pin@144']
    com.sun.electric.tool.user.HighlightEOBJ in cell '4BitAdder:FullAddr{lay}': Metal-1-N-Active-Con['contact@82']
    com.sun.electric.tool.user.HighlightEOBJ in cell '4BitAdder:FullAddr{lay}': Metal-1-P-Well-Con['substr@13']
    com.sun.electric.tool.user.HighlightEOBJ in cell '4BitAdder:FullAddr{lay}': Metal-1-N-Active-Con['contact@83']
    com.sun.electric.tool.user.HighlightEOBJ in cell '4BitAdder:FullAddr{lay}': N-Transistor['nmos@17']
    com.sun.electric.tool.user.HighlightEOBJ in cell '4BitAdder:FullAddr{lay}': N-Transistor['nmos@16']
    com.sun.electric.tool.user.HighlightEOBJ in cell '4BitAdder:FullAddr{lay}': N-Transistor['nmos@15']
    com.sun.electric.tool.user.HighlightEOBJ in cell '4BitAdder:FullAddr{lay}': Metal-2-Pin['pin@163']
    com.sun.electric.tool.user.HighlightEOBJ in cell '4BitAdder:FullAddr{lay}': Metal-1-P-Active-Con['contact@64']
    com.sun.electric.tool.user.HighlightEOBJ in cell '4BitAdder:FullAddr{lay}': Metal-1-Pin['pin@164']
    com.sun.electric.tool.user.HighlightEOBJ in cell '4BitAdder:FullAddr{lay}': Metal-1-Metal-2-Con['contact@89']
    com.sun.electric.tool.user.HighlightEOBJ in cell '4BitAdder:FullAddr{lay}': Metal-1-Pin['pin@105']
    com.sun.electric.tool.user.HighlightEOBJ in cell '4BitAdder:FullAddr{lay}': Metal-1-Pin['pin@129']
    com.sun.electric.tool.user.HighlightEOBJ in cell '4BitAdder:FullAddr{lay}': Metal-1-Pin['pin@106']
    com.sun.electric.tool.user.HighlightEOBJ in cell '4BitAdder:FullAddr{lay}': Metal-1-P-Active-Con['contact@62']
    com.sun.electric.tool.user.HighlightEOBJ in cell '4BitAdder:FullAddr{lay}': Metal-1-N-Well-Con['well@19']
    com.sun.electric.tool.user.HighlightEOBJ in cell '4BitAdder:FullAddr{lay}': Metal-1-P-Well-Con['substr@9']
    com.sun.electric.tool.user.HighlightEOBJ in cell '4BitAdder:FullAddr{lay}': Metal-1-Pin['pin@174']
    com.sun.electric.tool.user.HighlightEOBJ in cell '4BitAdder:FullAddr{lay}': N-Transistor['nmos@13']
    com.sun.electric.tool.user.HighlightEOBJ in cell '4BitAdder:FullAddr{lay}': Metal-1-Pin['pin@140']
    com.sun.electric.tool.user.HighlightEOBJ in cell '4BitAdder:FullAddr{lay}': Metal-1-P-Well-Con['substr@11']
    com.sun.electric.tool.user.HighlightEOBJ in cell '4BitAdder:FullAddr{lay}': N-Transistor['nmos@12']
    com.sun.electric.tool.user.HighlightEOBJ in cell '4BitAdder:FullAddr{lay}': Metal-1-Polysilicon-1-Con['contact@29']
    com.sun.electric.tool.user.HighlightEOBJ in cell '4BitAdder:FullAddr{lay}': Metal-1-Metal-2-Con['contact@56']
    com.sun.electric.tool.user.HighlightEOBJ in cell '4BitAdder:FullAddr{lay}': P-Transistor['pmos@12']
    com.sun.electric.tool.user.HighlightEOBJ in cell '4BitAdder:FullAddr{lay}': Metal-1-Metal-2-Con['contact@55']
    com.sun.electric.tool.user.HighlightEOBJ in cell '4BitAdder:FullAddr{lay}': Metal-1-N-Active-Con['contact@31']
    com.sun.electric.tool.user.HighlightEOBJ in cell '4BitAdder:FullAddr{lay}': Metal-1-Metal-2-Con['contact@70']
    com.sun.electric.tool.user.HighlightEOBJ in cell '4BitAdder:FullAddr{lay}': Metal-1-P-Active-Con['contact@61']
    com.sun.electric.tool.user.HighlightEOBJ in cell '4BitAdder:FullAddr{lay}': Metal-1-Pin['pin@124']
    com.sun.electric.tool.user.HighlightEOBJ in cell '4BitAdder:FullAddr{lay}': Metal-1-Pin['pin@125']
    com.sun.electric.tool.user.HighlightEOBJ in cell '4BitAdder:FullAddr{lay}': P-Transistor['pmos@13']
    com.sun.electric.tool.user.HighlightEOBJ in cell '4BitAdder:FullAddr{lay}': Metal-1-Pin['pin@139']
    com.sun.electric.tool.user.HighlightEOBJ in cell '4BitAdder:FullAddr{lay}': Metal-1-Pin['pin@115']
    com.sun.electric.tool.user.HighlightEOBJ in cell '4BitAdder:FullAddr{lay}': Metal-1-N-Well-Con['well@17']
    com.sun.electric.tool.user.HighlightEOBJ in cell '4BitAdder:FullAddr{lay}': Metal-1-Pin['pin@104']
    com.sun.electric.tool.user.HighlightEOBJ in cell '4BitAdder:FullAddr{lay}': Metal-1-P-Active-Con['contact@60']
    com.sun.electric.tool.user.HighlightEOBJ in cell '4BitAdder:FullAddr{lay}': Metal-1-Pin['pin@152']
    com.sun.electric.tool.user.HighlightEOBJ in cell '4BitAdder:FullAddr{lay}': Metal-1-N-Well-Con['well@5']
    com.sun.electric.tool.user.HighlightEOBJ in cell '4BitAdder:FullAddr{lay}': Metal-1-Pin['pin@63']
    com.sun.electric.tool.user.HighlightEOBJ in cell '4BitAdder:FullAddr{lay}': Metal-1-Metal-2-Con['contact@71']
    com.sun.electric.tool.user.HighlightEOBJ in cell '4BitAdder:FullAddr{lay}': Metal-1-Polysilicon-1-Con['contact@75']
    com.sun.electric.tool.user.HighlightEOBJ in cell '4BitAdder:FullAddr{lay}': Metal-1-Pin['pin@151']
    com.sun.electric.tool.user.HighlightEOBJ in cell '4BitAdder:FullAddr{lay}': P-Transistor['pmos@17']
    com.sun.electric.tool.user.HighlightEOBJ in cell '4BitAdder:FullAddr{lay}': Metal-1-Pin['pin@165']
    com.sun.electric.tool.user.HighlightEOBJ in cell '4BitAdder:FullAddr{lay}': P-Transistor['pmos@15']
    com.sun.electric.tool.user.HighlightEOBJ in cell '4BitAdder:FullAddr{lay}': P-Transistor['pmos@16']
    com.sun.electric.tool.user.HighlightEOBJ in cell '4BitAdder:FullAddr{lay}': Metal-1-N-Well-Con['well@14']
    com.sun.electric.tool.user.HighlightEOBJ in cell '4BitAdder:FullAddr{lay}': P-Transistor['pmos@14']
    com.sun.electric.tool.user.HighlightEOBJ in cell '4BitAdder:FullAddr{lay}': Metal-1-Pin['pin@132']
    com.sun.electric.tool.user.HighlightEOBJ in cell '4BitAdder:FullAddr{lay}': Metal-1-Pin['pin@143']
    com.sun.electric.tool.user.HighlightEOBJ in cell '4BitAdder:FullAddr{lay}': Metal-1-P-Well-Con['substr@12']
    com.sun.electric.tool.user.HighlightEOBJ in cell '4BitAdder:FullAddr{lay}': Metal-1-N-Active-Con['contact@81']
    com.sun.electric.tool.user.HighlightEOBJ in cell '4BitAdder:FullAddr{lay}': N-Transistor['nmos@14']
    com.sun.electric.tool.user.HighlightEOBJ in cell '4BitAdder:FullAddr{lay}': Metal-1-N-Active-Con['contact@80']
    com.sun.electric.tool.user.HighlightEOBJ in cell '4BitAdder:FullAddr{lay}': Metal-1-Pin['pin@145']
    com.sun.electric.tool.user.HighlightEOBJ in cell '4BitAdder:FullAddr{lay}': Metal-1-Pin['pin@128']
    com.sun.electric.tool.user.HighlightEOBJ in cell '4BitAdder:FullAddr{lay}': Metal-1-N-Active-Con['contact@79']
    com.sun.electric.tool.user.HighlightEOBJ in cell '4BitAdder:FullAddr{lay}': Metal-1-Pin['pin@81']
    com.sun.electric.tool.user.HighlightEOBJ in cell '4BitAdder:FullAddr{lay}': Metal-1-Pin['pin@37']
    com.sun.electric.tool.user.HighlightEOBJ in cell '4BitAdder:FullAddr{lay}': Metal-1-Pin['pin@36']
    com.sun.electric.tool.user.HighlightEOBJ in cell '4BitAdder:FullAddr{lay}': Metal-1-P-Well-Con['substr@1']
    com.sun.electric.tool.user.HighlightEOBJ in cell '4BitAdder:FullAddr{lay}': Metal-1-Pin['pin@91']
    com.sun.electric.tool.user.HighlightEOBJ in cell '4BitAdder:FullAddr{lay}': N-Transistor['nmos@1']
    com.sun.electric.tool.user.HighlightEOBJ in cell '4BitAdder:FullAddr{lay}': Metal-1-N-Active-Con['contact@10']
    com.sun.electric.tool.user.HighlightEOBJ in cell '4BitAdder:FullAddr{lay}': N-Transistor['nmos@2']
    com.sun.electric.tool.user.HighlightEOBJ in cell '4BitAdder:FullAddr{lay}': N-Transistor['nmos@3']
    com.sun.electric.tool.user.HighlightEOBJ in cell '4BitAdder:FullAddr{lay}': Metal-1-Pin['pin@59']
    com.sun.electric.tool.user.HighlightEOBJ in cell '4BitAdder:FullAddr{lay}': Metal-1-Pin['pin@58']
    com.sun.electric.tool.user.HighlightEOBJ in cell '4BitAdder:FullAddr{lay}': Metal-1-Pin['pin@57']
    com.sun.electric.tool.user.HighlightEOBJ in cell '4BitAdder:FullAddr{lay}': Metal-1-Pin['pin@56']
    com.sun.electric.tool.user.HighlightEOBJ in cell '4BitAdder:FullAddr{lay}': Polysilicon-1-Pin['pin@41']
    com.sun.electric.tool.user.HighlightEOBJ in cell '4BitAdder:FullAddr{lay}': Metal-1-N-Active-Con['contact@21']
    com.sun.electric.tool.user.HighlightEOBJ in cell '4BitAdder:FullAddr{lay}': N-Transistor['nmos@10']
    com.sun.electric.tool.user.HighlightEOBJ in cell '4BitAdder:FullAddr{lay}': N-Transistor['nmos@0']
    com.sun.electric.tool.user.HighlightEOBJ in cell '4BitAdder:FullAddr{lay}': Metal-1-P-Well-Con['substr@6']
    com.sun.electric.tool.user.HighlightEOBJ in cell '4BitAdder:FullAddr{lay}': Metal-1-Metal-2-Con['contact@96']
    com.sun.electric.tool.user.HighlightEOBJ in cell '4BitAdder:FullAddr{lay}': Metal-1-P-Well-Con['substr@3']
    com.sun.electric.tool.user.HighlightEOBJ in cell '4BitAdder:FullAddr{lay}': Metal-1-N-Active-Con['contact@9']
    com.sun.electric.tool.user.HighlightEOBJ in cell '4BitAdder:FullAddr{lay}': N-Transistor['nmos@9']
    com.sun.electric.tool.user.HighlightEOBJ in cell '4BitAdder:FullAddr{lay}': Metal-1-N-Active-Con['contact@13']
    com.sun.electric.tool.user.HighlightEOBJ in cell '4BitAdder:FullAddr{lay}': Metal-1-N-Active-Con['contact@11']
    com.sun.electric.tool.user.HighlightEOBJ in cell '4BitAdder:FullAddr{lay}': N-Transistor['nmos@4']
    com.sun.electric.tool.user.HighlightEOBJ in cell '4BitAdder:FullAddr{lay}': Metal-1-N-Active-Con['contact@12']
    com.sun.electric.tool.user.HighlightEOBJ in cell '4BitAdder:FullAddr{lay}': Metal-1-Pin['pin@39']
    com.sun.electric.tool.user.HighlightEOBJ in cell '4BitAdder:FullAddr{lay}': Metal-1-Pin['pin@101']
    com.sun.electric.tool.user.HighlightEOBJ in cell '4BitAdder:FullAddr{lay}': Metal-1-Metal-2-Con['contact@67']
    com.sun.electric.tool.user.HighlightEOBJ in cell '4BitAdder:FullAddr{lay}': Metal-1-P-Active-Con['contact@28']
    com.sun.electric.tool.user.HighlightEOBJ in cell '4BitAdder:FullAddr{lay}': N-Transistor['nmos@6']
    com.sun.electric.tool.user.HighlightEOBJ in cell '4BitAdder:FullAddr{lay}': N-Transistor['nmos@7']
    com.sun.electric.tool.user.HighlightEOBJ in cell '4BitAdder:FullAddr{lay}': Metal-1-N-Active-Con['contact@86']
    com.sun.electric.tool.user.HighlightEOBJ in cell '4BitAdder:FullAddr{lay}': N-Transistor['nmos@5']
    com.sun.electric.tool.user.HighlightEOBJ in cell '4BitAdder:FullAddr{lay}': Metal-1-Polysilicon-1-Con['contact@39']
    com.sun.electric.tool.user.HighlightEOBJ in cell '4BitAdder:FullAddr{lay}': Metal-1-Pin['pin@103']
    com.sun.electric.tool.user.HighlightEOBJ in cell '4BitAdder:FullAddr{lay}': Metal-1-Metal-2-Con['contact@90']
    com.sun.electric.tool.user.HighlightEOBJ in cell '4BitAdder:FullAddr{lay}': Metal-1-Metal-2-Con['contact@88']
    com.sun.electric.tool.user.HighlightEOBJ in cell '4BitAdder:FullAddr{lay}': Metal-1-Metal-2-Con['contact@68']
    com.sun.electric.tool.user.HighlightEOBJ in cell '4BitAdder:FullAddr{lay}': Metal-1-Polysilicon-1-Con['contact@52']
    com.sun.electric.tool.user.HighlightEOBJ in cell '4BitAdder:FullAddr{lay}': Metal-1-N-Active-Con['contact@30']
    com.sun.electric.tool.user.HighlightEOBJ in cell '4BitAdder:FullAddr{lay}': Metal-1-Polysilicon-1-Con['contact@40']
    com.sun.electric.tool.user.HighlightEOBJ in cell '4BitAdder:FullAddr{lay}': Metal-1-P-Active-Con['contact@27']
    com.sun.electric.tool.user.HighlightEOBJ in cell '4BitAdder:FullAddr{lay}': Metal-1-N-Active-Con['contact@20']
    com.sun.electric.tool.user.HighlightEOBJ in cell '4BitAdder:FullAddr{lay}': Metal-1-Pin['pin@153']
    com.sun.electric.tool.user.HighlightEOBJ in cell '4BitAdder:FullAddr{lay}': Metal-1-P-Active-Con['contact@17']
    com.sun.electric.tool.user.HighlightEOBJ in cell '4BitAdder:FullAddr{lay}': P-Transistor['pmos@10']
    com.sun.electric.tool.user.HighlightEOBJ in cell '4BitAdder:FullAddr{lay}': Metal-1-Pin['pin@114']
    com.sun.electric.tool.user.HighlightEOBJ in cell '4BitAdder:FullAddr{lay}': Metal-1-Pin['pin@161']
    com.sun.electric.tool.user.HighlightEOBJ in cell '4BitAdder:FullAddr{lay}': Metal-2-Pin['pin@100']
    com.sun.electric.tool.user.HighlightEOBJ in cell '4BitAdder:FullAddr{lay}': Metal-1-Metal-2-Con['contact@66']
    com.sun.electric.tool.user.HighlightEOBJ in cell '4BitAdder:FullAddr{lay}': Metal-1-Pin['pin@133']
    com.sun.electric.tool.user.HighlightEOBJ in cell '4BitAdder:FullAddr{lay}': Metal-1-N-Well-Con['well@11']
    com.sun.electric.tool.user.HighlightEOBJ in cell '4BitAdder:FullAddr{lay}': Metal-1-Pin['pin@137']
    com.sun.electric.tool.user.HighlightEOBJ in cell '4BitAdder:FullAddr{lay}': Metal-1-N-Well-Con['well@3']
    com.sun.electric.tool.user.HighlightEOBJ in cell '4BitAdder:FullAddr{lay}': Metal-1-Pin['pin@95']
    com.sun.electric.tool.user.HighlightEOBJ in cell '4BitAdder:FullAddr{lay}': Metal-1-Polysilicon-1-Con['contact@19']
    com.sun.electric.tool.user.HighlightEOBJ in cell '4BitAdder:FullAddr{lay}': Metal-1-P-Active-Con['contact@18']
    com.sun.electric.tool.user.HighlightEOBJ in cell '4BitAdder:FullAddr{lay}': Metal-1-P-Well-Con['substr@4']
    com.sun.electric.tool.user.HighlightEOBJ in cell '4BitAdder:FullAddr{lay}': Metal-1-P-Well-Con['substr@2']
    com.sun.electric.tool.user.HighlightEOBJ in cell '4BitAdder:FullAddr{lay}': Polysilicon-1-Pin['pin@44']
    com.sun.electric.tool.user.HighlightEOBJ in cell '4BitAdder:FullAddr{lay}': Metal-1-Polysilicon-1-Con['contact@59']
    com.sun.electric.tool.user.HighlightEOBJ in cell '4BitAdder:FullAddr{lay}': Metal-1-N-Active-Con['contact@25']
    com.sun.electric.tool.user.HighlightEOBJ in cell '4BitAdder:FullAddr{lay}': Metal-1-Polysilicon-1-Con['contact@38']
    com.sun.electric.tool.user.HighlightEOBJ in cell '4BitAdder:FullAddr{lay}': Polysilicon-1['net@46']
    com.sun.electric.tool.user.HighlightEOBJ in cell '4BitAdder:FullAddr{lay}': Metal-1['net@8']
    com.sun.electric.tool.user.HighlightEOBJ in cell '4BitAdder:FullAddr{lay}': Polysilicon-1['net@47']
    com.sun.electric.tool.user.HighlightEOBJ in cell '4BitAdder:FullAddr{lay}': Metal-1['net@71']
    com.sun.electric.tool.user.HighlightEOBJ in cell '4BitAdder:FullAddr{lay}': Polysilicon-1['net@49']
    com.sun.electric.tool.user.HighlightEOBJ in cell '4BitAdder:FullAddr{lay}': Polysilicon-1['net@45']
    com.sun.electric.tool.user.HighlightEOBJ in cell '4BitAdder:FullAddr{lay}': P-Active['net@1']
    com.sun.electric.tool.user.HighlightEOBJ in cell '4BitAdder:FullAddr{lay}': Polysilicon-1['net@239']
    com.sun.electric.tool.user.HighlightEOBJ in cell '4BitAdder:FullAddr{lay}': Metal-1['net@68']
    com.sun.electric.tool.user.HighlightEOBJ in cell '4BitAdder:FullAddr{lay}': Metal-1['net@72']
    com.sun.electric.tool.user.HighlightEOBJ in cell '4BitAdder:FullAddr{lay}': Polysilicon-1['net@48']
    com.sun.electric.tool.user.HighlightEOBJ in cell '4BitAdder:FullAddr{lay}': Metal-1['net@96']
    com.sun.electric.tool.user.HighlightEOBJ in cell '4BitAdder:FullAddr{lay}': Metal-2['net@520']
    com.sun.electric.tool.user.HighlightEOBJ in cell '4BitAdder:FullAddr{lay}': Metal-1['net@521']
    com.sun.electric.tool.user.HighlightEOBJ in cell '4BitAdder:FullAddr{lay}': Metal-1['net@525']
    com.sun.electric.tool.user.HighlightEOBJ in cell '4BitAdder:FullAddr{lay}': Metal-1['net@248']
    com.sun.electric.tool.user.HighlightEOBJ in cell '4BitAdder:FullAddr{lay}': P-Active['net@33']
    com.sun.electric.tool.user.HighlightEOBJ in cell '4BitAdder:FullAddr{lay}': P-Active['net@34']
    com.sun.electric.tool.user.HighlightEOBJ in cell '4BitAdder:FullAddr{lay}': P-Active['net@38']
    com.sun.electric.tool.user.HighlightEOBJ in cell '4BitAdder:FullAddr{lay}': P-Active['net@39']
    com.sun.electric.tool.user.HighlightEOBJ in cell '4BitAdder:FullAddr{lay}': P-Active['net@2']
    com.sun.electric.tool.user.HighlightEOBJ in cell '4BitAdder:FullAddr{lay}': P-Active['net@4']
    com.sun.electric.tool.user.HighlightEOBJ in cell '4BitAdder:FullAddr{lay}': P-Active['net@5']
    com.sun.electric.tool.user.HighlightEOBJ in cell '4BitAdder:FullAddr{lay}': P-Active['net@23']
    com.sun.electric.tool.user.HighlightEOBJ in cell '4BitAdder:FullAddr{lay}': P-Active['net@28']
    com.sun.electric.tool.user.HighlightEOBJ in cell '4BitAdder:FullAddr{lay}': P-Active['net@29']
    com.sun.electric.tool.user.HighlightEOBJ in cell '4BitAdder:FullAddr{lay}': P-Active['net@9']
    com.sun.electric.tool.user.HighlightEOBJ in cell '4BitAdder:FullAddr{lay}': Metal-1['net@20']
    com.sun.electric.tool.user.HighlightEOBJ in cell '4BitAdder:FullAddr{lay}': Metal-1['net@21']
    com.sun.electric.tool.user.HighlightEOBJ in cell '4BitAdder:FullAddr{lay}': Metal-1['net@22']
    com.sun.electric.tool.user.HighlightEOBJ in cell '4BitAdder:FullAddr{lay}': P-Active['net@17']
    com.sun.electric.tool.user.HighlightEOBJ in cell '4BitAdder:FullAddr{lay}': P-Active['net@18']
    com.sun.electric.tool.user.HighlightEOBJ in cell '4BitAdder:FullAddr{lay}': P-Active['net@24']
    com.sun.electric.tool.user.HighlightEOBJ in cell '4BitAdder:FullAddr{lay}': Polysilicon-1['net@56']
    com.sun.electric.tool.user.HighlightEOBJ in cell '4BitAdder:FullAddr{lay}': Polysilicon-1['net@249']
    com.sun.electric.tool.user.HighlightEOBJ in cell '4BitAdder:FullAddr{lay}': P-Active['net@30']
    com.sun.electric.tool.user.HighlightEOBJ in cell '4BitAdder:FullAddr{lay}': Metal-1['net@40']
    com.sun.electric.tool.user.HighlightEOBJ in cell '4BitAdder:FullAddr{lay}': Metal-1['net@41']
    com.sun.electric.tool.user.HighlightEOBJ in cell '4BitAdder:FullAddr{lay}': Metal-1['net@42']
    com.sun.electric.tool.user.HighlightEOBJ in cell '4BitAdder:FullAddr{lay}': Polysilicon-1['net@55']
    com.sun.electric.tool.user.HighlightEOBJ in cell '4BitAdder:FullAddr{lay}': Polysilicon-1['net@60']
    com.sun.electric.tool.user.HighlightEOBJ in cell '4BitAdder:FullAddr{lay}': Polysilicon-1['net@61']
    com.sun.electric.tool.user.HighlightEOBJ in cell '4BitAdder:FullAddr{lay}': Metal-1['net@70']
    com.sun.electric.tool.user.HighlightEOBJ in cell '4BitAdder:FullAddr{lay}': Metal-1['net@69']
    com.sun.electric.tool.user.HighlightEOBJ in cell '4BitAdder:FullAddr{lay}': N-Active['net@59']
    com.sun.electric.tool.user.HighlightEOBJ in cell '4BitAdder:FullAddr{lay}': Metal-1['net@254']
    com.sun.electric.tool.user.HighlightEOBJ in cell '4BitAdder:FullAddr{lay}': Metal-1['net@296']
    com.sun.electric.tool.user.HighlightEOBJ in cell '4BitAdder:FullAddr{lay}': Metal-1['net@299']
    com.sun.electric.tool.user.HighlightEOBJ in cell '4BitAdder:FullAddr{lay}': Metal-1['net@312']
    com.sun.electric.tool.user.HighlightEOBJ in cell '4BitAdder:FullAddr{lay}': Metal-1['net@314']
    com.sun.electric.tool.user.HighlightEOBJ in cell '4BitAdder:FullAddr{lay}': Polysilicon-1['net@87']
    com.sun.electric.tool.user.HighlightEOBJ in cell '4BitAdder:FullAddr{lay}': Metal-1['net@37']
    com.sun.electric.tool.user.HighlightEOBJ in cell '4BitAdder:FullAddr{lay}': Polysilicon-1['net@79']
    com.sun.electric.tool.user.HighlightEOBJ in cell '4BitAdder:FullAddr{lay}': Polysilicon-1['net@74']
    com.sun.electric.tool.user.HighlightEOBJ in cell '4BitAdder:FullAddr{lay}': Polysilicon-1['net@90']
    com.sun.electric.tool.user.HighlightEOBJ in cell '4BitAdder:FullAddr{lay}': Polysilicon-1['net@66']
    com.sun.electric.tool.user.HighlightEOBJ in cell '4BitAdder:FullAddr{lay}': Metal-1['net@253']
    com.sun.electric.tool.user.HighlightEOBJ in cell '4BitAdder:FullAddr{lay}': N-Active['net@58']
    com.sun.electric.tool.user.HighlightEOBJ in cell '4BitAdder:FullAddr{lay}': Metal-1['net@213']
    com.sun.electric.tool.user.HighlightEOBJ in cell '4BitAdder:FullAddr{lay}': Metal-1['net@217']
    com.sun.electric.tool.user.HighlightEOBJ in cell '4BitAdder:FullAddr{lay}': Metal-1['net@212']
    com.sun.electric.tool.user.HighlightEOBJ in cell '4BitAdder:FullAddr{lay}': Metal-1['net@263']
    com.sun.electric.tool.user.HighlightEOBJ in cell '4BitAdder:FullAddr{lay}': Metal-1['net@284']
    com.sun.electric.tool.user.HighlightEOBJ in cell '4BitAdder:FullAddr{lay}': Metal-1['net@530']
    com.sun.electric.tool.user.HighlightEOBJ in cell '4BitAdder:FullAddr{lay}': Metal-2['net@281']
    com.sun.electric.tool.user.HighlightEOBJ in cell '4BitAdder:FullAddr{lay}': Metal-1['net@526']
    com.sun.electric.tool.user.HighlightEOBJ in cell '4BitAdder:FullAddr{lay}': Metal-1['net@36']
    com.sun.electric.tool.user.HighlightEOBJ in cell '4BitAdder:FullAddr{lay}': Metal-2['net@527']
    com.sun.electric.tool.user.HighlightEOBJ in cell '4BitAdder:FullAddr{lay}': Metal-1['net@457']
    com.sun.electric.tool.user.HighlightEOBJ in cell '4BitAdder:FullAddr{lay}': Metal-1['net@501']
    com.sun.electric.tool.user.HighlightEOBJ in cell '4BitAdder:FullAddr{lay}': Metal-1['net@97']
    com.sun.electric.tool.user.HighlightEOBJ in cell '4BitAdder:FullAddr{lay}': Metal-1['net@498']
    com.sun.electric.tool.user.HighlightEOBJ in cell '4BitAdder:FullAddr{lay}': Metal-1['net@499']
    com.sun.electric.tool.user.HighlightEOBJ in cell '4BitAdder:FullAddr{lay}': Metal-1['net@274']
    com.sun.electric.tool.user.HighlightEOBJ in cell '4BitAdder:FullAddr{lay}': Metal-1['net@73']
    com.sun.electric.tool.user.HighlightEOBJ in cell '4BitAdder:FullAddr{lay}': Metal-1['net@95']
    com.sun.electric.tool.user.HighlightEOBJ in cell '4BitAdder:FullAddr{lay}': Metal-1['net@262']
    com.sun.electric.tool.user.HighlightEOBJ in cell '4BitAdder:FullAddr{lay}': Metal-1['net@307']
    com.sun.electric.tool.user.HighlightEOBJ in cell '4BitAdder:FullAddr{lay}': Metal-1['net@317']
    com.sun.electric.tool.user.HighlightEOBJ in cell '4BitAdder:FullAddr{lay}': Metal-1['net@524']
    com.sun.electric.tool.user.HighlightEOBJ in cell '4BitAdder:FullAddr{lay}': Metal-2['net@533']
    com.sun.electric.tool.user.HighlightEOBJ in cell '4BitAdder:FullAddr{lay}': Metal-1['net@255']
    com.sun.electric.tool.user.HighlightEOBJ in cell '4BitAdder:FullAddr{lay}': Metal-1['net@256']
    com.sun.electric.tool.user.HighlightEOBJ in cell '4BitAdder:FullAddr{lay}': Metal-1['net@244']
    com.sun.electric.tool.user.HighlightEOBJ in cell '4BitAdder:FullAddr{lay}': Metal-1['net@240']
    com.sun.electric.tool.user.HighlightEOBJ in cell '4BitAdder:FullAddr{lay}': Polysilicon-1['net@246']
    com.sun.electric.tool.user.HighlightEOBJ in cell '4BitAdder:FullAddr{lay}': Metal-1['net@519']
    com.sun.electric.tool.user.HighlightEOBJ in cell '4BitAdder:FullAddr{lay}': Polysilicon-1['net@252']
    com.sun.electric.tool.user.HighlightEOBJ in cell '4BitAdder:FullAddr{lay}': Polysilicon-1['net@243']
    com.sun.electric.tool.user.HighlightEOBJ in cell '4BitAdder:FullAddr{lay}': Metal-1['net@316']
    com.sun.electric.tool.user.HighlightEOBJ in cell '4BitAdder:FullAddr{lay}': Metal-1['net@315']
    com.sun.electric.tool.user.HighlightEOBJ in cell '4BitAdder:FullAddr{lay}': Metal-1['net@531']
    com.sun.electric.tool.user.HighlightEOBJ in cell '4BitAdder:FullAddr{lay}': Metal-1['net@532']
    com.sun.electric.tool.user.HighlightEOBJ in cell '4BitAdder:FullAddr{lay}': Metal-1['net@250']
    com.sun.electric.tool.user.HighlightEOBJ in cell '4BitAdder:FullAddr{lay}': Metal-1['net@241']
    com.sun.electric.tool.user.HighlightEOBJ in cell '4BitAdder:FullAddr{lay}': Metal-1['net@515']
    com.sun.electric.tool.user.HighlightEOBJ in cell '4BitAdder:FullAddr{lay}': Metal-1['net@360']
    com.sun.electric.tool.user.HighlightEOBJ in cell '4BitAdder:FullAddr{lay}': P-Active['net@331']
    com.sun.electric.tool.user.HighlightEOBJ in cell '4BitAdder:FullAddr{lay}': Metal-1['net@361']
    com.sun.electric.tool.user.HighlightEOBJ in cell '4BitAdder:FullAddr{lay}': Metal-1['net@513']
    com.sun.electric.tool.user.HighlightEOBJ in cell '4BitAdder:FullAddr{lay}': Polysilicon-1['net@432']
    com.sun.electric.tool.user.HighlightEOBJ in cell '4BitAdder:FullAddr{lay}': Metal-1['net@426']
    com.sun.electric.tool.user.HighlightEOBJ in cell '4BitAdder:FullAddr{lay}': Metal-1['net@452']
    com.sun.electric.tool.user.HighlightEOBJ in cell '4BitAdder:FullAddr{lay}': Metal-1['net@511']
    com.sun.electric.tool.user.HighlightEOBJ in cell '4BitAdder:FullAddr{lay}': N-Active['net@401']
    com.sun.electric.tool.user.HighlightEOBJ in cell '4BitAdder:FullAddr{lay}': N-Active['net@402']
    com.sun.electric.tool.user.HighlightEOBJ in cell '4BitAdder:FullAddr{lay}': N-Active['net@403']
    com.sun.electric.tool.user.HighlightEOBJ in cell '4BitAdder:FullAddr{lay}': N-Active['net@417']
    com.sun.electric.tool.user.HighlightEOBJ in cell '4BitAdder:FullAddr{lay}': Metal-1['net@505']
    com.sun.electric.tool.user.HighlightEOBJ in cell '4BitAdder:FullAddr{lay}': Metal-2['net@504']
    com.sun.electric.tool.user.HighlightEOBJ in cell '4BitAdder:FullAddr{lay}': Polysilicon-1['net@433']
    com.sun.electric.tool.user.HighlightEOBJ in cell '4BitAdder:FullAddr{lay}': Metal-1['net@506']
    com.sun.electric.tool.user.HighlightEOBJ in cell '4BitAdder:FullAddr{lay}': Metal-1['net@502']
    com.sun.electric.tool.user.HighlightEOBJ in cell '4BitAdder:FullAddr{lay}': Metal-1['net@366']
    com.sun.electric.tool.user.HighlightEOBJ in cell '4BitAdder:FullAddr{lay}': Metal-1['net@345']
    com.sun.electric.tool.user.HighlightEOBJ in cell '4BitAdder:FullAddr{lay}': Metal-1['net@365']
    com.sun.electric.tool.user.HighlightEOBJ in cell '4BitAdder:FullAddr{lay}': Metal-1['net@367']
    com.sun.electric.tool.user.HighlightEOBJ in cell '4BitAdder:FullAddr{lay}': Polysilicon-1['net@431']
    com.sun.electric.tool.user.HighlightEOBJ in cell '4BitAdder:FullAddr{lay}': Metal-1['net@514']
    com.sun.electric.tool.user.HighlightEOBJ in cell '4BitAdder:FullAddr{lay}': Metal-1['net@438']
    com.sun.electric.tool.user.HighlightEOBJ in cell '4BitAdder:FullAddr{lay}': Polysilicon-1['net@435']
    com.sun.electric.tool.user.HighlightEOBJ in cell '4BitAdder:FullAddr{lay}': Metal-1['net@439']
    com.sun.electric.tool.user.HighlightEOBJ in cell '4BitAdder:FullAddr{lay}': Metal-1['net@455']
    com.sun.electric.tool.user.HighlightEOBJ in cell '4BitAdder:FullAddr{lay}': Metal-1['net@454']
    com.sun.electric.tool.user.HighlightEOBJ in cell '4BitAdder:FullAddr{lay}': Metal-1['net@534']
    com.sun.electric.tool.user.HighlightEOBJ in cell '4BitAdder:FullAddr{lay}': Metal-1['net@392']
    com.sun.electric.tool.user.HighlightEOBJ in cell '4BitAdder:FullAddr{lay}': Metal-1['net@391']
    com.sun.electric.tool.user.HighlightEOBJ in cell '4BitAdder:FullAddr{lay}': Polysilicon-1['net@434']
    com.sun.electric.tool.user.HighlightEOBJ in cell '4BitAdder:FullAddr{lay}': P-Active['net@325']
    com.sun.electric.tool.user.HighlightEOBJ in cell '4BitAdder:FullAddr{lay}': Metal-1['net@442']
    com.sun.electric.tool.user.HighlightEOBJ in cell '4BitAdder:FullAddr{lay}': Metal-1['net@456']
    com.sun.electric.tool.user.HighlightEOBJ in cell '4BitAdder:FullAddr{lay}': N-Active['net@141']
    com.sun.electric.tool.user.HighlightEOBJ in cell '4BitAdder:FullAddr{lay}': Polysilicon-1['net@148']
    com.sun.electric.tool.user.HighlightEOBJ in cell '4BitAdder:FullAddr{lay}': Metal-1['net@481']
    com.sun.electric.tool.user.HighlightEOBJ in cell '4BitAdder:FullAddr{lay}': Polysilicon-1['net@149']
    com.sun.electric.tool.user.HighlightEOBJ in cell '4BitAdder:FullAddr{lay}': Polysilicon-1['net@150']
    com.sun.electric.tool.user.HighlightEOBJ in cell '4BitAdder:FullAddr{lay}': Metal-1['net@271']
    com.sun.electric.tool.user.HighlightEOBJ in cell '4BitAdder:FullAddr{lay}': Metal-2['net@272']
    com.sun.electric.tool.user.HighlightEOBJ in cell '4BitAdder:FullAddr{lay}': Metal-2['net@343']
    com.sun.electric.tool.user.HighlightEOBJ in cell '4BitAdder:FullAddr{lay}': P-Active['net@140']
    com.sun.electric.tool.user.HighlightEOBJ in cell '4BitAdder:FullAddr{lay}': Metal-1['net@482']
    com.sun.electric.tool.user.HighlightEOBJ in cell '4BitAdder:FullAddr{lay}': Metal-1['net@483']
    com.sun.electric.tool.user.HighlightEOBJ in cell '4BitAdder:FullAddr{lay}': Metal-1['net@145']
    com.sun.electric.tool.user.HighlightEOBJ in cell '4BitAdder:FullAddr{lay}': Metal-1['net@275']
    com.sun.electric.tool.user.HighlightEOBJ in cell '4BitAdder:FullAddr{lay}': Metal-2['net@337']
    com.sun.electric.tool.user.HighlightEOBJ in cell '4BitAdder:FullAddr{lay}': Metal-1['net@387']
    com.sun.electric.tool.user.HighlightEOBJ in cell '4BitAdder:FullAddr{lay}': Metal-1['net@465']
    com.sun.electric.tool.user.HighlightEOBJ in cell '4BitAdder:FullAddr{lay}': Metal-1['net@341']
    com.sun.electric.tool.user.HighlightEOBJ in cell '4BitAdder:FullAddr{lay}': Metal-1['net@478']
    com.sun.electric.tool.user.HighlightEOBJ in cell '4BitAdder:FullAddr{lay}': Metal-1['net@480']
    com.sun.electric.tool.user.HighlightEOBJ in cell '4BitAdder:FullAddr{lay}': P-Active['net@324']
    com.sun.electric.tool.user.HighlightEOBJ in cell '4BitAdder:FullAddr{lay}': P-Active['net@323']
    com.sun.electric.tool.user.HighlightEOBJ in cell '4BitAdder:FullAddr{lay}': Metal-1['net@344']
    com.sun.electric.tool.user.HighlightEOBJ in cell '4BitAdder:FullAddr{lay}': Polysilicon-1['net@376']
    com.sun.electric.tool.user.HighlightEOBJ in cell '4BitAdder:FullAddr{lay}': Metal-1['net@147']
    com.sun.electric.tool.user.HighlightEOBJ in cell '4BitAdder:FullAddr{lay}': Metal-1['net@220']
    com.sun.electric.tool.user.HighlightEOBJ in cell '4BitAdder:FullAddr{lay}': Metal-2['net@333']
    com.sun.electric.tool.user.HighlightEOBJ in cell '4BitAdder:FullAddr{lay}': Metal-1['net@466']
    com.sun.electric.tool.user.HighlightEOBJ in cell '4BitAdder:FullAddr{lay}': Metal-2['net@332']
    com.sun.electric.tool.user.HighlightEOBJ in cell '4BitAdder:FullAddr{lay}': Metal-1['net@374']
    com.sun.electric.tool.user.HighlightEOBJ in cell '4BitAdder:FullAddr{lay}': P-Active['net@330']
    com.sun.electric.tool.user.HighlightEOBJ in cell '4BitAdder:FullAddr{lay}': P-Active['net@329']
    com.sun.electric.tool.user.HighlightEOBJ in cell '4BitAdder:FullAddr{lay}': P-Active['net@328']
    com.sun.electric.tool.user.HighlightEOBJ in cell '4BitAdder:FullAddr{lay}': Metal-1['net@354']
    com.sun.electric.tool.user.HighlightEOBJ in cell '4BitAdder:FullAddr{lay}': Metal-1['net@371']
    com.sun.electric.tool.user.HighlightEOBJ in cell '4BitAdder:FullAddr{lay}': Polysilicon-1['net@373']
    com.sun.electric.tool.user.HighlightEOBJ in cell '4BitAdder:FullAddr{lay}': Polysilicon-1['net@388']
    com.sun.electric.tool.user.HighlightEOBJ in cell '4BitAdder:FullAddr{lay}': Metal-2['net@508']
    com.sun.electric.tool.user.HighlightEOBJ in cell '4BitAdder:FullAddr{lay}': Metal-1['net@346']
    com.sun.electric.tool.user.HighlightEOBJ in cell '4BitAdder:FullAddr{lay}': P-Active['net@327']
    com.sun.electric.tool.user.HighlightEOBJ in cell '4BitAdder:FullAddr{lay}': Metal-1['net@512']
    com.sun.electric.tool.user.HighlightEOBJ in cell '4BitAdder:FullAddr{lay}': Metal-2['net@273']
    com.sun.electric.tool.user.HighlightEOBJ in cell '4BitAdder:FullAddr{lay}': Metal-1['net@368']
    com.sun.electric.tool.user.HighlightEOBJ in cell '4BitAdder:FullAddr{lay}': Metal-1['net@364']
    com.sun.electric.tool.user.HighlightEOBJ in cell '4BitAdder:FullAddr{lay}': Metal-1['net@348']
    com.sun.electric.tool.user.HighlightEOBJ in cell '4BitAdder:FullAddr{lay}': Polysilicon-1['net@379']
    com.sun.electric.tool.user.HighlightEOBJ in cell '4BitAdder:FullAddr{lay}': Polysilicon-1['net@385']
    com.sun.electric.tool.user.HighlightEOBJ in cell '4BitAdder:FullAddr{lay}': Metal-1['net@464']
    com.sun.electric.tool.user.HighlightEOBJ in cell '4BitAdder:FullAddr{lay}': Metal-1['net@468']
    com.sun.electric.tool.user.HighlightEOBJ in cell '4BitAdder:FullAddr{lay}': Metal-1['net@467']
    com.sun.electric.tool.user.HighlightEOBJ in cell '4BitAdder:FullAddr{lay}': Metal-1['net@347']
    com.sun.electric.tool.user.HighlightEOBJ in cell '4BitAdder:FullAddr{lay}': P-Active['net@326']
    com.sun.electric.tool.user.HighlightEOBJ in cell '4BitAdder:FullAddr{lay}': Metal-1['net@416']
    com.sun.electric.tool.user.HighlightEOBJ in cell '4BitAdder:FullAddr{lay}': Metal-1['net@448']
    com.sun.electric.tool.user.HighlightEOBJ in cell '4BitAdder:FullAddr{lay}': Metal-1['net@450']
    com.sun.electric.tool.user.HighlightEOBJ in cell '4BitAdder:FullAddr{lay}': Metal-1['net@451']
    com.sun.electric.tool.user.HighlightEOBJ in cell '4BitAdder:FullAddr{lay}': Metal-1['net@453']
    com.sun.electric.tool.user.HighlightEOBJ in cell '4BitAdder:FullAddr{lay}': N-Active['net@400']
    com.sun.electric.tool.user.HighlightEOBJ in cell '4BitAdder:FullAddr{lay}': N-Active['net@399']
    com.sun.electric.tool.user.HighlightEOBJ in cell '4BitAdder:FullAddr{lay}': N-Active['net@397']
    com.sun.electric.tool.user.HighlightEOBJ in cell '4BitAdder:FullAddr{lay}': N-Active['net@398']
    com.sun.electric.tool.user.HighlightEOBJ in cell '4BitAdder:FullAddr{lay}': N-Active['net@396']
    com.sun.electric.tool.user.HighlightEOBJ in cell '4BitAdder:FullAddr{lay}': Metal-1['net@410']
    com.sun.electric.tool.user.HighlightEOBJ in cell '4BitAdder:FullAddr{lay}': Metal-1['net@411']
    com.sun.electric.tool.user.HighlightEOBJ in cell '4BitAdder:FullAddr{lay}': Metal-1['net@409']
    com.sun.electric.tool.user.HighlightEOBJ in cell '4BitAdder:FullAddr{lay}': Polysilicon-1['net@125']
    com.sun.electric.tool.user.HighlightEOBJ in cell '4BitAdder:FullAddr{lay}': N-Active['net@118']
    com.sun.electric.tool.user.HighlightEOBJ in cell '4BitAdder:FullAddr{lay}': N-Active['net@117']
    com.sun.electric.tool.user.HighlightEOBJ in cell '4BitAdder:FullAddr{lay}': Polysilicon-1['net@126']
    com.sun.electric.tool.user.HighlightEOBJ in cell '4BitAdder:FullAddr{lay}': Polysilicon-1['net@193']
    com.sun.electric.tool.user.HighlightEOBJ in cell '4BitAdder:FullAddr{lay}': Metal-1['net@195']
    com.sun.electric.tool.user.HighlightEOBJ in cell '4BitAdder:FullAddr{lay}': Polysilicon-1['net@198']
    com.sun.electric.tool.user.HighlightEOBJ in cell '4BitAdder:FullAddr{lay}': Metal-1['net@289']
    com.sun.electric.tool.user.HighlightEOBJ in cell '4BitAdder:FullAddr{lay}': Metal-1['net@290']
    com.sun.electric.tool.user.HighlightEOBJ in cell '4BitAdder:FullAddr{lay}': Metal-1['net@109']
    com.sun.electric.tool.user.HighlightEOBJ in cell '4BitAdder:FullAddr{lay}': Metal-1['net@108']
    com.sun.electric.tool.user.HighlightEOBJ in cell '4BitAdder:FullAddr{lay}': Metal-1['net@286']
    com.sun.electric.tool.user.HighlightEOBJ in cell '4BitAdder:FullAddr{lay}': N-Active['net@51']
    com.sun.electric.tool.user.HighlightEOBJ in cell '4BitAdder:FullAddr{lay}': N-Active['net@52']
    com.sun.electric.tool.user.HighlightEOBJ in cell '4BitAdder:FullAddr{lay}': Metal-1['net@53']
    com.sun.electric.tool.user.HighlightEOBJ in cell '4BitAdder:FullAddr{lay}': N-Active['net@57']
    com.sun.electric.tool.user.HighlightEOBJ in cell '4BitAdder:FullAddr{lay}': Metal-1['net@209']
    com.sun.electric.tool.user.HighlightEOBJ in cell '4BitAdder:FullAddr{lay}': Metal-1['net@210']
    com.sun.electric.tool.user.HighlightEOBJ in cell '4BitAdder:FullAddr{lay}': Metal-1['net@121']
    com.sun.electric.tool.user.HighlightEOBJ in cell '4BitAdder:FullAddr{lay}': N-Active['net@43']
    com.sun.electric.tool.user.HighlightEOBJ in cell '4BitAdder:FullAddr{lay}': N-Active['net@44']
    com.sun.electric.tool.user.HighlightEOBJ in cell '4BitAdder:FullAddr{lay}': Metal-1['net@285']
    com.sun.electric.tool.user.HighlightEOBJ in cell '4BitAdder:FullAddr{lay}': Metal-1['net@287']
    com.sun.electric.tool.user.HighlightEOBJ in cell '4BitAdder:FullAddr{lay}': Metal-1['net@151']
    com.sun.electric.tool.user.HighlightEOBJ in cell '4BitAdder:FullAddr{lay}': Metal-1['net@528']
    com.sun.electric.tool.user.HighlightEOBJ in cell '4BitAdder:FullAddr{lay}': Polysilicon-1['net@91']
    com.sun.electric.tool.user.HighlightEOBJ in cell '4BitAdder:FullAddr{lay}': N-Active['net@89']
    com.sun.electric.tool.user.HighlightEOBJ in cell '4BitAdder:FullAddr{lay}': N-Active['net@88']
    com.sun.electric.tool.user.HighlightEOBJ in cell '4BitAdder:FullAddr{lay}': N-Active['net@92']
    com.sun.electric.tool.user.HighlightEOBJ in cell '4BitAdder:FullAddr{lay}': Metal-1['net@93']
    com.sun.electric.tool.user.HighlightEOBJ in cell '4BitAdder:FullAddr{lay}': Polysilicon-1['net@322']
    com.sun.electric.tool.user.HighlightEOBJ in cell '4BitAdder:FullAddr{lay}': Metal-1['net@489']
    com.sun.electric.tool.user.HighlightEOBJ in cell '4BitAdder:FullAddr{lay}': N-Active['net@76']
    com.sun.electric.tool.user.HighlightEOBJ in cell '4BitAdder:FullAddr{lay}': Polysilicon-1['net@75']
    com.sun.electric.tool.user.HighlightEOBJ in cell '4BitAdder:FullAddr{lay}': N-Active['net@77']
    com.sun.electric.tool.user.HighlightEOBJ in cell '4BitAdder:FullAddr{lay}': Polysilicon-1['net@80']
    com.sun.electric.tool.user.HighlightEOBJ in cell '4BitAdder:FullAddr{lay}': Polysilicon-1['net@261']
    com.sun.electric.tool.user.HighlightEOBJ in cell '4BitAdder:FullAddr{lay}': N-Active['net@62']
    com.sun.electric.tool.user.HighlightEOBJ in cell '4BitAdder:FullAddr{lay}': Polysilicon-1['net@181']
    com.sun.electric.tool.user.HighlightEOBJ in cell '4BitAdder:FullAddr{lay}': Metal-1['net@336']
    com.sun.electric.tool.user.HighlightEOBJ in cell '4BitAdder:FullAddr{lay}': N-Active['net@81']
    com.sun.electric.tool.user.HighlightEOBJ in cell '4BitAdder:FullAddr{lay}': N-Active['net@486']
    com.sun.electric.tool.user.HighlightEOBJ in cell '4BitAdder:FullAddr{lay}': N-Active['net@487']
    com.sun.electric.tool.user.HighlightEOBJ in cell '4BitAdder:FullAddr{lay}': Metal-1['net@78']
    com.sun.electric.tool.user.HighlightEOBJ in cell '4BitAdder:FullAddr{lay}': Polysilicon-1['net@67']
    com.sun.electric.tool.user.HighlightEOBJ in cell '4BitAdder:FullAddr{lay}': N-Active['net@63']
    com.sun.electric.tool.user.HighlightEOBJ in cell '4BitAdder:FullAddr{lay}': Metal-1['net@335']
    com.sun.electric.tool.user.HighlightEOBJ in cell '4BitAdder:FullAddr{lay}': Metal-1['net@207']
    com.sun.electric.tool.user.HighlightEOBJ in cell '4BitAdder:FullAddr{lay}': Metal-1['net@474']
    com.sun.electric.tool.user.HighlightEOBJ in cell '4BitAdder:FullAddr{lay}': N-Active['net@142']
    com.sun.electric.tool.user.HighlightEOBJ in cell '4BitAdder:FullAddr{lay}': Metal-1['net@395']
    com.sun.electric.tool.user.HighlightEOBJ in cell '4BitAdder:FullAddr{lay}': Metal-1['net@484']
    com.sun.electric.tool.user.HighlightEOBJ in cell '4BitAdder:FullAddr{lay}': Metal-1['net@509']
    com.sun.electric.tool.user.HighlightEOBJ in cell '4BitAdder:FullAddr{lay}': P-Active['net@127']
    com.sun.electric.tool.user.HighlightEOBJ in cell '4BitAdder:FullAddr{lay}': Polysilicon-1['net@136']
    com.sun.electric.tool.user.HighlightEOBJ in cell '4BitAdder:FullAddr{lay}': Polysilicon-1['net@138']
    com.sun.electric.tool.user.HighlightEOBJ in cell '4BitAdder:FullAddr{lay}': P-Active['net@128']
    com.sun.electric.tool.user.HighlightEOBJ in cell '4BitAdder:FullAddr{lay}': Metal-1['net@278']
    com.sun.electric.tool.user.HighlightEOBJ in cell '4BitAdder:FullAddr{lay}': Metal-1['net@300']
    com.sun.electric.tool.user.HighlightEOBJ in cell '4BitAdder:FullAddr{lay}': Metal-1['net@301']
    com.sun.electric.tool.user.HighlightEOBJ in cell '4BitAdder:FullAddr{lay}': Metal-1['net@302']
    com.sun.electric.tool.user.HighlightEOBJ in cell '4BitAdder:FullAddr{lay}': Metal-1['net@102']
    com.sun.electric.tool.user.HighlightEOBJ in cell '4BitAdder:FullAddr{lay}': Metal-1['net@230']
    com.sun.electric.tool.user.HighlightEOBJ in cell '4BitAdder:FullAddr{lay}': Metal-1['net@291']
    com.sun.electric.tool.user.HighlightEOBJ in cell '4BitAdder:FullAddr{lay}': Metal-2['net@510']
    com.sun.electric.tool.user.HighlightEOBJ in cell '4BitAdder:FullAddr{lay}': Metal-1['net@340']
    com.sun.electric.tool.user.HighlightEOBJ in cell '4BitAdder:FullAddr{lay}': Metal-1['net@488']
    com.sun.electric.tool.user.HighlightEOBJ in cell '4BitAdder:FullAddr{lay}': Polysilicon-1['net@197']
    com.sun.electric.tool.user.HighlightEOBJ in cell '4BitAdder:FullAddr{lay}': Metal-1['net@490']
    com.sun.electric.tool.user.HighlightEOBJ in cell '4BitAdder:FullAddr{lay}': P-Active['net@139']
    com.sun.electric.tool.user.HighlightEOBJ in cell '4BitAdder:FullAddr{lay}': Metal-1['net@485']
    com.sun.electric.tool.user.HighlightEOBJ in cell '4BitAdder:FullAddr{lay}': Polysilicon-1['net@124']
    com.sun.electric.tool.user.HighlightEOBJ in cell '4BitAdder:FullAddr{lay}': Metal-1['net@334']
    com.sun.electric.tool.user.HighlightEOBJ in cell '4BitAdder:FullAddr{lay}': Metal-1['net@470']
    com.sun.electric.tool.user.HighlightEOBJ in cell '4BitAdder:FullAddr{lay}': Metal-1['net@471']
    com.sun.electric.tool.user.HighlightEOBJ in cell '4BitAdder:FullAddr{lay}': P-Active['net@115']
    com.sun.electric.tool.user.HighlightEOBJ in cell '4BitAdder:FullAddr{lay}': P-Active['net@116']
    com.sun.electric.tool.user.HighlightEOBJ in cell '4BitAdder:FullAddr{lay}': Metal-1['net@303']
    com.sun.electric.tool.user.HighlightEOBJ in cell '4BitAdder:FullAddr{lay}': Metal-1['net@305']
    com.sun.electric.tool.user.HighlightEOBJ in cell '4BitAdder:FullAddr{lay}': Metal-1['net@420']
    com.sun.electric.tool.user.HighlightEOBJ in cell '4BitAdder:FullAddr{lay}': Metal-1['net@218']
    com.sun.electric.tool.user.HighlightEOBJ in cell '4BitAdder:FullAddr{lay}': Metal-1['net@418']
    com.sun.electric.tool.user.HighlightEOBJ in cell '4BitAdder:FullAddr{lay}': Metal-1['net@430']
    com.sun.electric.tool.user.HighlightEOBJ in cell '4BitAdder:FullAddr{lay}': Metal-1['net@304']
    com.sun.electric.tool.user.HighlightEOBJ in cell '4BitAdder:FullAddr{lay}': Metal-1['net@472']
    com.sun.electric.tool.user.HighlightEOBJ in cell '4BitAdder:FullAddr{lay}': Metal-1['net@133']
    com.sun.electric.tool.user.HighlightEOBJ in cell '4BitAdder:FullAddr{lay}': N-Active['net@129']
    com.sun.electric.tool.user.HighlightEOBJ in cell '4BitAdder:FullAddr{lay}': N-Active['net@130']
    com.sun.electric.tool.user.HighlightEOBJ in cell '4BitAdder:FullAddr{lay}': Metal-1['net@292']
    com.sun.electric.tool.user.HighlightEOBJ in cell '4BitAdder:FullAddr{lay}': Metal-1['net@222']
    com.sun.electric.tool.user.HighlightEOBJ in cell '4BitAdder:FullAddr{lay}': Metal-1['net@152']
    com.sun.electric.tool.user.HighlightEOBJ in cell '4BitAdder:FullAddr{lay}': Metal-1['net@293']
    com.sun.electric.tool.user.HighlightEOBJ in cell '4BitAdder:FullAddr{lay}': Polysilicon-1['net@137']
    com.sun.electric.tool.user.HighlightEOBJ in cell '4BitAdder:FullAddr{lay}': Metal-1['net@338']
    com.sun.electric.tool.user.HighlightEOBJ in cell '4BitAdder:FullAddr{lay}': Metal-1['net@475']
    com.sun.electric.tool.user.HighlightEOBJ in cell '4BitAdder:FullAddr{lay}': Metal-1['net@476']
    com.sun.electric.tool.user.HighlightEOBJ in cell '4BitAdder:FullAddr{lay}': Metal-1['net@259']
    com.sun.electric.tool.user.HighlightEOBJ in cell '4BitAdder:FullAddr{lay}': Metal-1['net@288']
    com.sun.electric.tool.user.HighlightEOBJ in cell '4BitAdder:FullAddr{lay}': Metal-1['net@339']
    com.sun.electric.tool.user.HighlightEOBJ in cell '4BitAdder:FullAddr{lay}': Metal-1['net@491']
--------------- 88 --------------
  Mon May 11 12:32:36 EDT 2026
ProcessKeyBinding 400 when=1778517156141 modifiers=80 code=0 char=3 false false
--------------- 89 --------------
  Mon May 11 12:32:36 EDT 2026
ProcessKeyBinding 402 when=1778517156341 modifiers=0 code=11 char=ffff false false
--------------- 90 --------------
  Mon May 11 12:32:40 EDT 2026
ProcessKeyBinding 401 when=1778517160535 modifiers=80 code=11 char=ffff false false
--------------- 91 --------------
  Mon May 11 12:32:41 EDT 2026
ProcessKeyBinding 402 when=1778517161109 modifiers=0 code=11 char=ffff false false
--------------- 92 --------------
  Mon May 11 12:32:41 EDT 2026
ProcessKeyBinding 401 when=1778517161702 modifiers=80 code=11 char=ffff false false
--------------- 93 --------------
  Mon May 11 12:32:41 EDT 2026
Menu Activated: Edit | Selection | Select All
Currently highlighted: 
    com.sun.electric.tool.user.HighlightEOBJ in cell '4BitAdder:FullAddr{lay}': Metal-1['net@213']
--------------- 94 --------------
  Mon May 11 12:32:41 EDT 2026
ProcessKeyBinding 400 when=1778517161860 modifiers=80 code=0 char=1 false false
--------------- 95 --------------
  Mon May 11 12:32:42 EDT 2026
ProcessKeyBinding 402 when=1778517162014 modifiers=0 code=11 char=ffff false false
--------------- 96 --------------
  Mon May 11 12:32:43 EDT 2026
ProcessKeyBinding 401 when=1778517163365 modifiers=80 code=11 char=ffff false false
--------------- 97 --------------
  Mon May 11 12:32:44 EDT 2026
ProcessKeyBinding 402 when=1778517164847 modifiers=0 code=11 char=ffff false false
--------------- 98 --------------
  Mon May 11 12:32:47 EDT 2026
ProcessKeyBinding 401 when=1778517167061 modifiers=80 code=11 char=ffff false false
--------------- 99 --------------
  Mon May 11 12:32:47 EDT 2026
ProcessKeyBinding 402 when=1778517167620 modifiers=0 code=11 char=ffff false false
--------------- 100 --------------
  Mon May 11 12:32:49 EDT 2026
ProcessKeyBinding 401 when=1778517169441 modifiers=80 code=11 char=ffff false false
--------------- 101 --------------
  Mon May 11 12:33:02 EDT 2026
ProcessKeyBinding 402 when=1778517182377 modifiers=0 code=11 char=ffff false false
--------------- 102 --------------
  Mon May 11 12:33:03 EDT 2026
ProcessKeyBinding 401 when=1778517183437 modifiers=80 code=11 char=ffff false false
--------------- 103 --------------
  Mon May 11 12:33:03 EDT 2026
Menu Activated: Edit | Paste
--------------- 104 --------------
  Mon May 11 12:33:03 EDT 2026
ProcessKeyBinding 400 when=1778517183692 modifiers=80 code=0 char=16 false false
--------------- 105 --------------
  Mon May 11 12:33:03 EDT 2026
ProcessKeyBinding 402 when=1778517183931 modifiers=0 code=11 char=ffff false false
--------------- 106 --------------
  Mon May 11 12:34:13 EDT 2026
Menu Activated: File | Open Library...
--------------- 107 --------------
  Mon May 11 12:34:23 EDT 2026
ProcessKeyBinding 401 when=1778517263658 modifiers=80 code=11 char=ffff false false
--------------- 108 --------------
  Mon May 11 12:34:24 EDT 2026
ProcessKeyBinding 402 when=1778517264340 modifiers=0 code=11 char=ffff false false
--------------- 109 --------------
  Mon May 11 12:34:25 EDT 2026
ProcessKeyBinding 401 when=1778517265010 modifiers=80 code=11 char=ffff false false
--------------- 110 --------------
  Mon May 11 12:34:25 EDT 2026
ProcessKeyBinding 402 when=1778517265912 modifiers=0 code=11 char=ffff false false
--------------- 111 --------------
  Mon May 11 12:34:35 EDT 2026
ProcessKeyBinding 401 when=1778517275790 modifiers=80 code=11 char=ffff false false
--------------- 112 --------------
  Mon May 11 12:34:38 EDT 2026
ProcessKeyBinding 402 when=1778517278614 modifiers=0 code=11 char=ffff false false
--------------- 113 --------------
  Mon May 11 12:35:06 EDT 2026
ProcessKeyBinding 401 when=1778517306450 modifiers=40 code=10 char=ffff false false
--------------- 114 --------------
  Mon May 11 12:35:07 EDT 2026
ProcessKeyBinding 402 when=1778517307449 modifiers=0 code=10 char=ffff false false
--------------- 115 --------------
  Mon May 11 12:35:22 EDT 2026
ProcessKeyBinding 401 when=1778517322382 modifiers=40 code=10 char=ffff false false
--------------- 116 --------------
  Mon May 11 12:35:23 EDT 2026
ProcessKeyBinding 402 when=1778517323079 modifiers=0 code=10 char=ffff false false
--------------- 117 --------------
  Mon May 11 12:35:23 EDT 2026
ProcessKeyBinding 401 when=1778517323268 modifiers=80 code=11 char=ffff false false
--------------- 118 --------------
  Mon May 11 12:35:23 EDT 2026
ProcessKeyBinding 402 when=1778517323843 modifiers=0 code=11 char=ffff false false
